

----------------------------------------------------------------------------------------------------
(Synchronizedbs) [9/8/2010 - 3:54:53 PM] - Started database synchronization
-- Template path: N:\FRXWIN\SysData\frxrpt32.tpl
-- Template version: 6.7.9111
-- Source database path: C:\Program Files\FRx Software\FRx 6.7\SysData\Frxrpts.f32
-- Source database version: 6.7.182
(DoSynchronization) Copied template to C:\Program Files\FRx Software\FRx 6.7\SysData\Frxrpts.tmp
(CopyTableData) Copying table data to new database.
-- Copying data from table AcctSetMaster...source table did not contain any records.
-- Copying data from table AdditionalText...source table did not contain any records.
-- Copying data from table Catalog...source table did not contain any records.
-- Copying data from table Column_Detail...source table did not contain any records.
-- Copying data from table Column_Headers...source table did not contain any records.
-- Copying data from table Column_Master...source table did not contain any records.
-- Copying data from table Column_Specs...source table did not contain any records.
-- Copying data from table Control...Control record updated (not copied from source).
-- Copying data from table EffectiveDates...source table did not contain any records.
-- Copying data from table EmailAddress...source table did not contain any records.
-- Copying data from table PageHeaders...source table did not contain any records.
-- Copying data from table Row_Detail...source table did not contain any records.
-- Copying data from table Row_Link_Control...source table did not contain any records.
-- Copying data from table Row_Link_Detail...source table did not contain any records.
-- Copying data from table Row_Master...source table did not contain any records.
-- Copying data from table Spec_Set_Master...source table did not contain any records.
-- Copying data from table Tree_Details...source table did not contain any records.
-- Copying data from table Tree_Link_Details...source table did not contain any records.
-- Copying data from table Tree_Master...source table did not contain any records.
-- Copying data from table Tree_Security...source table did not contain any records.
(DoSynchronization) Replacing the original database with the converted file...COMPLETED
(DoSynchronization) Updated database copied from [C:\Program Files\FRx Software\FRx 6.7\SysData\Frxrpts.tmp] to [C:\Program Files\FRx Software\FRx 6.7\SysData\Frxrpts.f32]
(UpgradeCatalogOutputInfo) Updating catalog output settings ...COMPLETED
(DoSynchronization) Compacting the database file...----------------------------------------------------------------------------------------------------
(Synchronizedbs) Database conversion completed successfully.
